<?xml version="1.0" encoding="UTF-8"?>
<!-- Generated by org.testng.reporters.JUnitXMLReporter -->
<testsuite ignored="2" hostname="spyder" failures="0" tests="6" name="Crm.org.cont" time="174.587" errors="0" timestamp="2024-05-02T15:35:36 IST">
  <testcase classname="com.comcast.crm.contactTest.CreatContactdate_org" name="CreateContactWithOrgTest" time="33.79"/>
  <testcase classname="com.comcast.crm.contactTest.CreatContactdate_org" name="CreateContactWithSupportDate" time="16.305"/>
  <testcase classname="com.comcast.crm.contactTest.CreatContactdate_org" name="creatcontact" time="16.352"/>
  <testcase classname="com.comcast.crm.OrgTest.CreatOrganztionWithPOMTest" name="CreatOrganztionWithIndustryWithPOMTest" time="17.312"/>
  <testcase classname="com.comcast.crm.OrgTest.CreatOrganztionWithPOMTest" name="CreatOrganztionWithPhoneNumberPOMTest" time="16.478"/>
  <testcase classname="com.comcast.crm.OrgTest.CreatOrganztionWithPOMTest" name="creatOrganztionWithPOMTest" time="17.196"/>
  <testcase classname="com.comcast.crm.basetest.baseclass" name="@BeforeSuite confiBs" time="0.0">
    <ignored/>
  </testcase> <!-- @BeforeSuite confiBs -->
  <testcase classname="com.comcast.crm.basetest.baseclass" name="@AfterSuite confiAs" time="0.0">
    <ignored/>
  </testcase> <!-- @AfterSuite confiAs -->
</testsuite> <!-- Crm.org.cont -->
