<?xml version="1.0" encoding="UTF-8"?>
<!-- Generated by org.testng.reporters.JUnitXMLReporter -->
<testsuite ignored="2" hostname="spyder" failures="0" tests="6" name="TestRunner-2" time="93.218" errors="0" timestamp="2024-05-06T12:40:18 IST">
  <testcase classname="com.comcast.crm.contactTest.CreatContactdate_org" name="CreateContactWithOrgTest" time="0.0">
    <skipped/>
  </testcase> <!-- CreateContactWithOrgTest -->
  <testcase classname="com.comcast.crm.contactTest.CreatContactdate_org" name="CreateContactWithSupportDate" time="0.0">
    <skipped/>
  </testcase> <!-- CreateContactWithSupportDate -->
  <testcase classname="com.comcast.crm.contactTest.CreatContactdate_org" name="creatcontact" time="0.0">
    <skipped/>
  </testcase> <!-- creatcontact -->
  <testcase classname="com.comcast.crm.OrgTest.CreatOrganztionWithPOMTest" name="CreatOrganztionWithIndustryWithPOMTest" time="49.184"/>
  <testcase classname="com.comcast.crm.OrgTest.CreatOrganztionWithPOMTest" name="CreatOrganztionWithPhoneNumberPOMTest" time="0.0">
    <skipped/>
  </testcase> <!-- CreatOrganztionWithPhoneNumberPOMTest -->
  <testcase classname="com.comcast.crm.OrgTest.CreatOrganztionWithPOMTest" name="creatOrganztionWithPOMTest" time="0.0">
    <skipped/>
  </testcase> <!-- creatOrganztionWithPOMTest -->
  <testcase classname="com.comcast.crm.basetest.baseclass" name="@BeforeSuite confiBs" time="0.0">
    <ignored/>
  </testcase> <!-- @BeforeSuite confiBs -->
  <testcase classname="com.comcast.crm.basetest.baseclass" name="@AfterSuite confiAs" time="0.0">
    <ignored/>
  </testcase> <!-- @AfterSuite confiAs -->
</testsuite> <!-- TestRunner-2 -->
